04/25/2018 04:05:25 PM INFO Ln 17: INITIALIZED GAME
04/25/2018 04:05:45 PM INFO Ln 17: INITIALIZED GAME
04/25/2018 04:37:59 PM INFO Ln 17: INITIALIZED GAME
04/25/2018 04:38:03 PM INFO Ln 54: You just opended the settings
04/25/2018 04:38:56 PM INFO Ln 17: INITIALIZED GAME
04/25/2018 04:45:32 PM INFO Ln 17: INITIALIZED GAME
04/25/2018 04:45:49 PM INFO Ln 56: You just opended the settings
04/25/2018 04:46:15 PM INFO Ln 17: INITIALIZED GAME
04/25/2018 04:46:17 PM INFO Ln 56: You just opended the settings
04/25/2018 04:47:52 PM INFO Ln 17: INITIALIZED GAME
04/25/2018 04:47:57 PM INFO Ln 56: You just opended the settings
04/25/2018 04:48:31 PM INFO Ln 17: INITIALIZED GAME
04/25/2018 04:48:34 PM INFO Ln 56: You just opended the settings
04/25/2018 04:48:40 PM INFO Ln 56: You just opended the settings
04/25/2018 04:49:19 PM INFO Ln 17: INITIALIZED GAME
04/25/2018 04:49:22 PM INFO Ln 56: You just opended the settings
04/25/2018 04:49:23 PM INFO Ln 165: You just pressed The settings button
04/25/2018 04:49:27 PM INFO Ln 67: You just restarted the game
04/25/2018 04:49:28 PM INFO Ln 76: You just bailed
04/25/2018 04:51:29 PM INFO Ln 17: INITIALIZED GAME
04/25/2018 04:51:58 PM INFO Ln 17: INITIALIZED GAME
04/25/2018 04:51:58 PM INFO Ln 48: You just roll
04/25/2018 04:52:00 PM INFO Ln 58: You just opended the settings
04/25/2018 04:52:01 PM INFO Ln 167: You just pressed The settings button
04/25/2018 04:52:23 PM INFO Ln 56: You just opended the settings
04/25/2018 04:52:24 PM INFO Ln 165: You just pressed The settings button
04/25/2018 04:52:32 PM INFO Ln 56: You just opended the settings
04/25/2018 04:52:33 PM INFO Ln 165: You just pressed The settings button
04/25/2018 04:52:47 PM INFO Ln 17: INITIALIZED GAME
04/25/2018 04:52:47 PM INFO Ln 48: You just roll
04/25/2018 04:52:57 PM INFO Ln 17: INITIALIZED GAME
04/25/2018 04:52:57 PM INFO Ln 48: You just roll
04/25/2018 04:53:01 PM INFO Ln 58: You just opended the settings
04/25/2018 04:53:02 PM INFO Ln 167: You just pressed The settings button
04/25/2018 04:53:03 PM INFO Ln 58: You just opended the settings
04/25/2018 04:53:05 PM INFO Ln 167: You just pressed The settings button
04/25/2018 04:53:08 PM INFO Ln 58: You just opended the settings
04/25/2018 04:53:17 PM INFO Ln 167: You just pressed The settings button
